src/lib/__tests__/performance-analytics.test.ts(191,5): error TS2375: Type '{ viewport: { width: number; height: number; }; memory: number | undefined; cores: number | undefined; }' is not assignable to type '{ viewport: { width: number; height: number; }; memory?: number; cores?: number; }' with 'exactOptionalPropertyTypes: true'. Consider adding 'undefined' to the types of the target's properties.
  Types of property 'memory' are incompatible.
    Type 'number | undefined' is not assignable to type 'number'.
      Type 'undefined' is not assignable to type 'number'.
src/lib/__tests__/performance-analytics.test.ts(391,45): error TS2304: Cannot find name 'createBaselineFromMetrics'.
src/lib/__tests__/performance-analytics.test.ts(392,5): error TS2304: Cannot find name 'mockDetailedWebVitals'.
src/lib/__tests__/structured-data.test.ts(623,9): error TS2571: Object is of type 'unknown'.
src/lib/__tests__/structured-data.test.ts(636,27): error TS2571: Object is of type 'unknown'.
src/lib/__tests__/theme-analytics.test.ts(514,14): error TS2571: Object is of type 'unknown'.
src/lib/__tests__/theme-analytics.test.ts(616,7): error TS2571: Object is of type 'unknown'.
src/lib/__tests__/theme-analytics.test.ts(625,35): error TS2571: Object is of type 'unknown'.
src/lib/__tests__/theme-analytics.test.ts(632,33): error TS2571: Object is of type 'unknown'.
src/lib/__tests__/theme-analytics.test.ts(637,26): error TS2571: Object is of type 'unknown'.
src/lib/__tests__/theme-analytics.test.ts(647,7): error TS2571: Object is of type 'unknown'.
src/lib/__tests__/theme-analytics.test.ts(656,7): error TS2571: Object is of type 'unknown'.
src/lib/__tests__/theme-analytics.test.ts(662,14): error TS2571: Object is of type 'unknown'.
src/lib/__tests__/theme-analytics.test.ts(667,7): error TS2571: Object is of type 'unknown'.
src/lib/__tests__/theme-analytics.test.ts(676,7): error TS2571: Object is of type 'unknown'.
src/lib/__tests__/theme-analytics.test.ts(698,14): error TS2571: Object is of type 'unknown'.
src/lib/__tests__/theme-analytics/setup.ts(199,10): error TS2352: Conversion of type 'ThemeAnalytics' to type 'ThemeAnalyticsPrivate' may be a mistake because neither type sufficiently overlaps with the other. If this was intentional, convert the expression to 'unknown' first.
  Property 'isEnabled' is missing in type 'ThemeAnalytics' but required in type 'ThemeAnalyticsPrivate'.
src/lib/__tests__/theme-analytics/setup.ts(221,39): error TS2554: Expected 1 arguments, but got 4.
src/lib/__tests__/translation-manager-core.test.ts(127,5): error TS7053: Element implicitly has an 'any' type because expression of type '"qualityChecker"' can't be used to index type 'TranslationManagerCore'.
  Property 'qualityChecker' does not exist on type 'TranslationManagerCore'.
src/lib/__tests__/translation-manager-core.test.ts(150,10): error TS2552: Cannot find name 'TranslationManagerPrivate'. Did you mean 'TranslationManagerCore'?
src/lib/__tests__/translation-manager-core.test.ts(182,33): error TS2552: Cannot find name 'MockTranslationManagerConfig'. Did you mean 'TranslationManagerConfig'?
src/lib/__tests__/translation-manager-core.test.ts(205,5): error TS7053: Element implicitly has an 'any' type because expression of type '"qualityChecker"' can't be used to index type 'TranslationManagerCore'.
  Property 'qualityChecker' does not exist on type 'TranslationManagerCore'.
src/lib/__tests__/translation-manager-core.test.ts(228,10): error TS2552: Cannot find name 'TranslationManagerPrivate'. Did you mean 'TranslationManagerCore'?
src/lib/__tests__/translation-manager-core.test.ts(256,28): error TS2551: Property 'reloadTranslations' does not exist on type 'TranslationManagerCore'. Did you mean 'getTranslations'?
src/lib/__tests__/translation-manager-core.test.ts(289,5): error TS7053: Element implicitly has an 'any' type because expression of type '"qualityChecker"' can't be used to index type 'TranslationManagerCore'.
  Property 'qualityChecker' does not exist on type 'TranslationManagerCore'.
src/lib/__tests__/translation-manager-core.test.ts(312,10): error TS2552: Cannot find name 'TranslationManagerPrivate'. Did you mean 'TranslationManagerCore'?
src/lib/__tests__/translation-manager-core.test.ts(327,28): error TS7053: Element implicitly has an 'any' type because expression of type '"qualityChecker"' can't be used to index type 'TranslationManagerCore'.
  Property 'qualityChecker' does not exist on type 'TranslationManagerCore'.
src/lib/__tests__/translation-manager-core.test.ts(336,9): error TS7053: Element implicitly has an 'any' type because expression of type '"qualityChecker"' can't be used to index type 'TranslationManagerCore'.
  Property 'qualityChecker' does not exist on type 'TranslationManagerCore'.
src/lib/__tests__/translation-manager-core.test.ts(348,9): error TS7053: Element implicitly has an 'any' type because expression of type '"qualityChecker"' can't be used to index type 'TranslationManagerCore'.
  Property 'qualityChecker' does not exist on type 'TranslationManagerCore'.
src/lib/__tests__/translation-manager-core.test.ts(360,19): error TS2552: Cannot find name 'TranslationManagerPrivate'. Did you mean 'TranslationManagerCore'?
src/lib/__tests__/translation-manager-core.test.ts(427,28): error TS2551: Property 'reloadTranslations' does not exist on type 'TranslationManagerCore'. Did you mean 'getTranslations'?
src/lib/__tests__/translation-manager-core.test.ts(434,20): error TS7053: Element implicitly has an 'any' type because expression of type '"qualityChecker"' can't be used to index type 'TranslationManagerCore'.
  Property 'qualityChecker' does not exist on type 'TranslationManagerCore'.
src/lib/__tests__/translation-manager-core.test.ts(435,14): error TS7053: Element implicitly has an 'any' type because expression of type '"qualityChecker"' can't be used to index type 'TranslationManagerCore'.
  Property 'qualityChecker' does not exist on type 'TranslationManagerCore'.
src/lib/__tests__/translation-manager-core.test.ts(445,21): error TS7053: Element implicitly has an 'any' type because expression of type '"qualityChecker"' can't be used to index type 'TranslationManagerCore'.
  Property 'qualityChecker' does not exist on type 'TranslationManagerCore'.
src/lib/__tests__/translation-manager.test.ts(15,5): error TS2698: Spread types may only be created from object types.
src/lib/__tests__/translation-manager.test.ts(25,5): error TS2698: Spread types may only be created from object types.
src/lib/__tests__/translation-manager.test.ts(168,50): error TS2345: Argument of type '"common.hello"' is not assignable to parameter of type 'Locale'.
src/lib/__tests__/translation-manager.test.ts(173,50): error TS2345: Argument of type '"common.hello"' is not assignable to parameter of type 'Locale'.
src/lib/__tests__/translation-manager.test.ts(178,50): error TS2345: Argument of type '"navigation.home"' is not assignable to parameter of type 'Locale'.
src/lib/__tests__/translation-manager.test.ts(183,50): error TS2345: Argument of type '"missing.key"' is not assignable to parameter of type 'Locale'.
src/lib/__tests__/translation-manager.test.ts(189,9): error TS2345: Argument of type '"common.hello"' is not assignable to parameter of type 'Locale'.
src/lib/__tests__/translation-manager.test.ts(205,50): error TS2345: Argument of type '"common.empty"' is not assignable to parameter of type 'Locale'.
src/lib/__tests__/translation-manager.test.ts(384,9): error TS2345: Argument of type '"common.hello"' is not assignable to parameter of type 'Locale'.
src/lib/__tests__/translation-manager.test.ts(391,50): error TS2345: Argument of type '""' is not assignable to parameter of type 'Locale'.
src/lib/__tests__/translation-manager.test.ts(396,51): error TS2345: Argument of type 'unknown' is not assignable to parameter of type 'Locale'.
src/lib/__tests__/translation-manager.test.ts(397,51): error TS2345: Argument of type 'unknown' is not assignable to parameter of type 'Locale'.
src/lib/__tests__/translation-manager.test.ts(411,51): error TS2345: Argument of type '"common.hello"' is not assignable to parameter of type 'Locale'.
src/lib/__tests__/translation-manager.test.ts(416,51): error TS2345: Argument of type '"common.hello"' is not assignable to parameter of type 'Locale'.
src/test/browser-setup.ts(221,16): error TS2352: Conversion of type '{ identifier: number; target: HTMLElement; radiusX: number; radiusY: number; rotationAngle: number; force: number; clientX: number; clientY: number; }[]' to type 'Touch[]' may be a mistake because neither type sufficiently overlaps with the other. If this was intentional, convert the expression to 'unknown' first.
  Type '{ identifier: number; target: HTMLElement; radiusX: number; radiusY: number; rotationAngle: number; force: number; clientX: number; clientY: number; }' is missing the following properties from type 'Touch': pageX, pageY, screenX, screenY
src/test/setup.ts(14,13): error TS2428: All declarations of 'Assertion' must have identical type parameters.
tests/e2e/homepage.spec.ts(220,19): error TS18046: 'entry' is of type 'unknown'.
tests/e2e/homepage.spec.ts(221,33): error TS18046: 'entry' is of type 'unknown'.
tests/e2e/homepage.spec.ts(223,19): error TS18046: 'entry' is of type 'unknown'.
tests/e2e/homepage.spec.ts(224,33): error TS18046: 'entry' is of type 'unknown'.
tests/e2e/homepage.spec.ts(226,19): error TS18046: 'entry' is of type 'unknown'.
tests/e2e/homepage.spec.ts(227,33): error TS18046: 'entry' is of type 'unknown'.
tests/error-scenarios/error-boundary-core.test.tsx(30,7): error TS2322: Type 'unknown' is not assignable to type 'MouseEventHandler<HTMLButtonElement> | undefined'.
tests/error-scenarios/network-errors.test.ts(63,11): error TS2698: Spread types may only be created from object types.
tests/error-scenarios/system-errors.test.ts(47,5): error TS2571: Object is of type 'unknown'.
tests/error-scenarios/system-errors.test.ts(48,5): error TS2571: Object is of type 'unknown'.
tests/error-scenarios/system-errors.test.ts(176,24): error TS2379: Argument of type '{ error: Error; timestamp: Date; context: Record<string, unknown> | undefined; }' is not assignable to parameter of type '{ error: Error; timestamp: Date; context?: Record<string, unknown>; }' with 'exactOptionalPropertyTypes: true'. Consider adding 'undefined' to the types of the target's properties.
  Types of property 'context' are incompatible.
    Type 'Record<string, unknown> | undefined' is not assignable to type 'Record<string, unknown>'.
      Type 'undefined' is not assignable to type 'Record<string, unknown>'.
tests/error-scenarios/system-errors.test.ts(325,14): error TS2571: Object is of type 'unknown'.
